<?xml version="1.0" encoding="UTF-8"?>
<testsuite xmlns:xsi="http://www.w3.org/2001/XMLSchema-instance" xsi:noNamespaceSchemaLocation="https://maven.apache.org/surefire/maven-surefire-plugin/xsd/surefire-test-report-3.0.xsd" version="3.0" name="runner.TestRunner" time="13.417" tests="7" errors="0" skipped="0" failures="1">
  <properties>
    <property name="java.specification.version" value="23"/>
    <property name="sun.cpu.isalist" value="amd64"/>
    <property name="sun.jnu.encoding" value="Cp1252"/>
    <property name="java.class.path" value="C:\Users\pabhi\Music\takehometest-bbc-rms-api\target\test-classes;C:\Users\pabhi\Music\takehometest-bbc-rms-api\target\classes;C:\Users\pabhi\.m2\repository\io\rest-assured\rest-assured\5.4.0\rest-assured-5.4.0.jar;C:\Users\pabhi\.m2\repository\org\apache\groovy\groovy\4.0.16\groovy-4.0.16.jar;C:\Users\pabhi\.m2\repository\org\apache\groovy\groovy-xml\4.0.16\groovy-xml-4.0.16.jar;C:\Users\pabhi\.m2\repository\org\apache\httpcomponents\httpclient\4.5.13\httpclient-4.5.13.jar;C:\Users\pabhi\.m2\repository\org\apache\httpcomponents\httpcore\4.4.13\httpcore-4.4.13.jar;C:\Users\pabhi\.m2\repository\commons-logging\commons-logging\1.2\commons-logging-1.2.jar;C:\Users\pabhi\.m2\repository\commons-codec\commons-codec\1.11\commons-codec-1.11.jar;C:\Users\pabhi\.m2\repository\org\apache\httpcomponents\httpmime\4.5.13\httpmime-4.5.13.jar;C:\Users\pabhi\.m2\repository\org\hamcrest\hamcrest\2.2\hamcrest-2.2.jar;C:\Users\pabhi\.m2\repository\org\ccil\cowan\tagsoup\tagsoup\1.2.1\tagsoup-1.2.1.jar;C:\Users\pabhi\.m2\repository\io\rest-assured\xml-path\5.4.0\xml-path-5.4.0.jar;C:\Users\pabhi\.m2\repository\org\apache\commons\commons-lang3\3.11\commons-lang3-3.11.jar;C:\Users\pabhi\.m2\repository\io\rest-assured\json-path\5.4.0\json-path-5.4.0.jar;C:\Users\pabhi\.m2\repository\org\apache\groovy\groovy-json\4.0.16\groovy-json-4.0.16.jar;C:\Users\pabhi\.m2\repository\io\rest-assured\rest-assured-common\5.4.0\rest-assured-common-5.4.0.jar;C:\Users\pabhi\.m2\repository\io\cucumber\cucumber-java\7.14.0\cucumber-java-7.14.0.jar;C:\Users\pabhi\.m2\repository\io\cucumber\cucumber-core\7.14.0\cucumber-core-7.14.0.jar;C:\Users\pabhi\.m2\repository\io\cucumber\cucumber-gherkin\7.14.0\cucumber-gherkin-7.14.0.jar;C:\Users\pabhi\.m2\repository\io\cucumber\cucumber-gherkin-messages\7.14.0\cucumber-gherkin-messages-7.14.0.jar;C:\Users\pabhi\.m2\repository\io\cucumber\gherkin\26.2.0\gherkin-26.2.0.jar;C:\Users\pabhi\.m2\repository\io\cucumber\messages\22.0.0\messages-22.0.0.jar;C:\Users\pabhi\.m2\repository\io\cucumber\tag-expressions\5.0.6\tag-expressions-5.0.6.jar;C:\Users\pabhi\.m2\repository\io\cucumber\cucumber-expressions\16.1.2\cucumber-expressions-16.1.2.jar;C:\Users\pabhi\.m2\repository\io\cucumber\datatable\7.14.0\datatable-7.14.0.jar;C:\Users\pabhi\.m2\repository\io\cucumber\cucumber-plugin\7.14.0\cucumber-plugin-7.14.0.jar;C:\Users\pabhi\.m2\repository\io\cucumber\docstring\7.14.0\docstring-7.14.0.jar;C:\Users\pabhi\.m2\repository\io\cucumber\html-formatter\20.4.0\html-formatter-20.4.0.jar;C:\Users\pabhi\.m2\repository\io\cucumber\junit-xml-formatter\0.2.0\junit-xml-formatter-0.2.0.jar;C:\Users\pabhi\.m2\repository\io\cucumber\ci-environment\9.2.0\ci-environment-9.2.0.jar;C:\Users\pabhi\.m2\repository\org\apiguardian\apiguardian-api\1.1.2\apiguardian-api-1.1.2.jar;C:\Users\pabhi\.m2\repository\io\cucumber\cucumber-junit\7.14.0\cucumber-junit-7.14.0.jar;C:\Users\pabhi\.m2\repository\junit\junit\4.13.2\junit-4.13.2.jar;C:\Users\pabhi\.m2\repository\org\hamcrest\hamcrest-core\1.3\hamcrest-core-1.3.jar;C:\Users\pabhi\.m2\repository\com\fasterxml\jackson\core\jackson-databind\2.17.0\jackson-databind-2.17.0.jar;C:\Users\pabhi\.m2\repository\com\fasterxml\jackson\core\jackson-annotations\2.17.0\jackson-annotations-2.17.0.jar;C:\Users\pabhi\.m2\repository\com\fasterxml\jackson\core\jackson-core\2.17.0\jackson-core-2.17.0.jar;C:\Users\pabhi\.m2\repository\net\bytebuddy\byte-buddy\1.14.9\byte-buddy-1.14.9.jar;C:\Users\pabhi\.m2\repository\org\slf4j\slf4j-api\2.0.13\slf4j-api-2.0.13.jar;C:\Users\pabhi\.m2\repository\ch\qos\logback\logback-classic\1.3.11\logback-classic-1.3.11.jar;C:\Users\pabhi\.m2\repository\ch\qos\logback\logback-core\1.3.11\logback-core-1.3.11.jar;"/>
    <property name="java.vm.vendor" value="Oracle Corporation"/>
    <property name="sun.arch.data.model" value="64"/>
    <property name="user.variant" value=""/>
    <property name="java.vendor.url" value="https://java.oracle.com/"/>
    <property name="user.timezone" value="Europe/London"/>
    <property name="os.name" value="Windows 11"/>
    <property name="java.vm.specification.version" value="23"/>
    <property name="sun.java.launcher" value="SUN_STANDARD"/>
    <property name="user.country" value="GB"/>
    <property name="sun.boot.library.path" value="C:\Program Files\Java\jdk-23\bin"/>
    <property name="sun.java.command" value="C:\Users\pabhi\AppData\Local\Temp\surefire10098128124774058843\surefirebooter-20250813091917916_3.jar C:\Users\pabhi\AppData\Local\Temp\surefire10098128124774058843 2025-08-13T09-19-17_793-jvmRun1 surefire-20250813091917916_1tmp surefire_0-20250813091917916_2tmp"/>
    <property name="jdk.debug" value="release"/>
    <property name="surefire.test.class.path" value="C:\Users\pabhi\Music\takehometest-bbc-rms-api\target\test-classes;C:\Users\pabhi\Music\takehometest-bbc-rms-api\target\classes;C:\Users\pabhi\.m2\repository\io\rest-assured\rest-assured\5.4.0\rest-assured-5.4.0.jar;C:\Users\pabhi\.m2\repository\org\apache\groovy\groovy\4.0.16\groovy-4.0.16.jar;C:\Users\pabhi\.m2\repository\org\apache\groovy\groovy-xml\4.0.16\groovy-xml-4.0.16.jar;C:\Users\pabhi\.m2\repository\org\apache\httpcomponents\httpclient\4.5.13\httpclient-4.5.13.jar;C:\Users\pabhi\.m2\repository\org\apache\httpcomponents\httpcore\4.4.13\httpcore-4.4.13.jar;C:\Users\pabhi\.m2\repository\commons-logging\commons-logging\1.2\commons-logging-1.2.jar;C:\Users\pabhi\.m2\repository\commons-codec\commons-codec\1.11\commons-codec-1.11.jar;C:\Users\pabhi\.m2\repository\org\apache\httpcomponents\httpmime\4.5.13\httpmime-4.5.13.jar;C:\Users\pabhi\.m2\repository\org\hamcrest\hamcrest\2.2\hamcrest-2.2.jar;C:\Users\pabhi\.m2\repository\org\ccil\cowan\tagsoup\tagsoup\1.2.1\tagsoup-1.2.1.jar;C:\Users\pabhi\.m2\repository\io\rest-assured\xml-path\5.4.0\xml-path-5.4.0.jar;C:\Users\pabhi\.m2\repository\org\apache\commons\commons-lang3\3.11\commons-lang3-3.11.jar;C:\Users\pabhi\.m2\repository\io\rest-assured\json-path\5.4.0\json-path-5.4.0.jar;C:\Users\pabhi\.m2\repository\org\apache\groovy\groovy-json\4.0.16\groovy-json-4.0.16.jar;C:\Users\pabhi\.m2\repository\io\rest-assured\rest-assured-common\5.4.0\rest-assured-common-5.4.0.jar;C:\Users\pabhi\.m2\repository\io\cucumber\cucumber-java\7.14.0\cucumber-java-7.14.0.jar;C:\Users\pabhi\.m2\repository\io\cucumber\cucumber-core\7.14.0\cucumber-core-7.14.0.jar;C:\Users\pabhi\.m2\repository\io\cucumber\cucumber-gherkin\7.14.0\cucumber-gherkin-7.14.0.jar;C:\Users\pabhi\.m2\repository\io\cucumber\cucumber-gherkin-messages\7.14.0\cucumber-gherkin-messages-7.14.0.jar;C:\Users\pabhi\.m2\repository\io\cucumber\gherkin\26.2.0\gherkin-26.2.0.jar;C:\Users\pabhi\.m2\repository\io\cucumber\messages\22.0.0\messages-22.0.0.jar;C:\Users\pabhi\.m2\repository\io\cucumber\tag-expressions\5.0.6\tag-expressions-5.0.6.jar;C:\Users\pabhi\.m2\repository\io\cucumber\cucumber-expressions\16.1.2\cucumber-expressions-16.1.2.jar;C:\Users\pabhi\.m2\repository\io\cucumber\datatable\7.14.0\datatable-7.14.0.jar;C:\Users\pabhi\.m2\repository\io\cucumber\cucumber-plugin\7.14.0\cucumber-plugin-7.14.0.jar;C:\Users\pabhi\.m2\repository\io\cucumber\docstring\7.14.0\docstring-7.14.0.jar;C:\Users\pabhi\.m2\repository\io\cucumber\html-formatter\20.4.0\html-formatter-20.4.0.jar;C:\Users\pabhi\.m2\repository\io\cucumber\junit-xml-formatter\0.2.0\junit-xml-formatter-0.2.0.jar;C:\Users\pabhi\.m2\repository\io\cucumber\ci-environment\9.2.0\ci-environment-9.2.0.jar;C:\Users\pabhi\.m2\repository\org\apiguardian\apiguardian-api\1.1.2\apiguardian-api-1.1.2.jar;C:\Users\pabhi\.m2\repository\io\cucumber\cucumber-junit\7.14.0\cucumber-junit-7.14.0.jar;C:\Users\pabhi\.m2\repository\junit\junit\4.13.2\junit-4.13.2.jar;C:\Users\pabhi\.m2\repository\org\hamcrest\hamcrest-core\1.3\hamcrest-core-1.3.jar;C:\Users\pabhi\.m2\repository\com\fasterxml\jackson\core\jackson-databind\2.17.0\jackson-databind-2.17.0.jar;C:\Users\pabhi\.m2\repository\com\fasterxml\jackson\core\jackson-annotations\2.17.0\jackson-annotations-2.17.0.jar;C:\Users\pabhi\.m2\repository\com\fasterxml\jackson\core\jackson-core\2.17.0\jackson-core-2.17.0.jar;C:\Users\pabhi\.m2\repository\net\bytebuddy\byte-buddy\1.14.9\byte-buddy-1.14.9.jar;C:\Users\pabhi\.m2\repository\org\slf4j\slf4j-api\2.0.13\slf4j-api-2.0.13.jar;C:\Users\pabhi\.m2\repository\ch\qos\logback\logback-classic\1.3.11\logback-classic-1.3.11.jar;C:\Users\pabhi\.m2\repository\ch\qos\logback\logback-core\1.3.11\logback-core-1.3.11.jar;"/>
    <property name="sun.cpu.endian" value="little"/>
    <property name="user.home" value="C:\Users\pabhi"/>
    <property name="user.language" value="en"/>
    <property name="java.specification.vendor" value="Oracle Corporation"/>
    <property name="java.version.date" value="2025-01-21"/>
    <property name="java.home" value="C:\Program Files\Java\jdk-23"/>
    <property name="file.separator" value="\"/>
    <property name="basedir" value="C:\Users\pabhi\Music\takehometest-bbc-rms-api"/>
    <property name="java.vm.compressedOopsMode" value="32-bit"/>
    <property name="line.separator" value="&#10;"/>
    <property name="java.vm.specification.vendor" value="Oracle Corporation"/>
    <property name="java.specification.name" value="Java Platform API Specification"/>
    <property name="surefire.real.class.path" value="C:\Users\pabhi\AppData\Local\Temp\surefire10098128124774058843\surefirebooter-20250813091917916_3.jar"/>
    <property name="user.script" value=""/>
    <property name="sun.management.compiler" value="HotSpot 64-Bit Tiered Compilers"/>
    <property name="java.runtime.version" value="23.0.2+7-58"/>
    <property name="user.name" value="pabhi"/>
    <property name="stdout.encoding" value="Cp1252"/>
    <property name="path.separator" value=";"/>
    <property name="os.version" value="10.0"/>
    <property name="java.runtime.name" value="Java(TM) SE Runtime Environment"/>
    <property name="file.encoding" value="UTF-8"/>
    <property name="java.vm.name" value="Java HotSpot(TM) 64-Bit Server VM"/>
    <property name="localRepository" value="C:\Users\pabhi\.m2\repository"/>
    <property name="java.vendor.url.bug" value="https://bugreport.java.com/bugreport/"/>
    <property name="java.io.tmpdir" value="C:\Users\pabhi\AppData\Local\Temp\"/>
    <property name="java.version" value="23.0.2"/>
    <property name="user.dir" value="C:\Users\pabhi\Music\takehometest-bbc-rms-api"/>
    <property name="os.arch" value="amd64"/>
    <property name="java.vm.specification.name" value="Java Virtual Machine Specification"/>
    <property name="sun.os.patch.level" value=""/>
    <property name="native.encoding" value="Cp1252"/>
    <property name="java.library.path" value="C:\Program Files\Java\jdk-23\bin;C:\WINDOWS\Sun\Java\bin;C:\WINDOWS\system32;C:\WINDOWS;C:\Users\pabhi\bin;C:\Program Files\Git\mingw64\bin;C:\Program Files\Git\usr\local\bin;C:\Program Files\Git\usr\bin;C:\Program Files\Git\usr\bin;C:\Program Files\Git\mingw64\bin;C:\Program Files\Git\usr\bin;C:\Users\pabhi\bin;C:\Program Files\Common Files\Oracle\Java\javapath;C:\windows\system32;C:\windows;C:\windows\System32\Wbem;C:\windows\System32\WindowsPowerShell\v1.0;C:\windows\System32\OpenSSH;C:\Program Files\HP\HP One Agent;C:\Program Files\Git\cmd;C:\Program Files\Java\jdk-23\bin\bin;C:\Program Files\apache-maven-3.9.9\bin;C:\WINDOWS\system32;C:\WINDOWS;C:\WINDOWS\System32\Wbem;C:\WINDOWS\System32\WindowsPowerShell\v1.0;C:\WINDOWS\System32\OpenSSH;C:\Users\pabhi\AppData\Local\Programs\Python\Launcher;C:\Users\pabhi\AppData\Local\Microsoft\WindowsApps;C:\Users\pabhi\AppData\Local\Programs\Microsoft VS Code\bin;C:\Program Files\Git\usr\bin\vendor_perl;C:\Program Files\Git\usr\bin\core_perl;."/>
    <property name="java.vm.info" value="mixed mode, sharing"/>
    <property name="stderr.encoding" value="Cp1252"/>
    <property name="java.vendor" value="Oracle Corporation"/>
    <property name="java.vm.version" value="23.0.2+7-58"/>
    <property name="sun.io.unicode.encoding" value="UnicodeLittle"/>
    <property name="java.class.version" value="67.0"/>
  </properties>
  <testcase name="Scenario 1 - Basic response validation" classname="API Tests for RMS" time="4.283">
    <failure message="Response time exceeded limit: 1874 ms" type="java.lang.AssertionError"><![CDATA[java.lang.AssertionError: Response time exceeded limit: 1874 ms
	at org.junit.Assert.fail(Assert.java:89)
	at org.junit.Assert.assertTrue(Assert.java:42)
	at helperutil.BBCApiHelper.validateResponseTime(BBCApiHelper.java:46)
	at steps.BBCApiSteps.lambda$responseTimeShouldBeBelowMilliseconds$1(BBCApiSteps.java:40)
	at helperutil.BBCApiHelper.retry(BBCApiHelper.java:58)
	at steps.BBCApiSteps.responseTimeShouldBeBelowMilliseconds(BBCApiSteps.java:40)
	at ✽.response time should be below 1000 milliseconds(file:///C:/Users/pabhi/Music/takehometest-bbc-rms-api/src/test/resources/features/bbcApi.feature:6)
]]></failure>
    <system-out><![CDATA[
Scenario: Scenario 1 - Basic response validation        # src/test/resources/features/bbcApi.feature:3
09:19:19.789 INFO  utils.Log - Starting Scenario: Scenario 1 - Basic response validation
09:19:19.805 INFO  utils.Log - Sending GET request to: https://testapi.io/api/RMSTest/ibltest
09:19:19.805 INFO  utils.Log - Sending GET request to endpoint: https://testapi.io/api/RMSTest/ibltest
09:19:22.643 INFO  utils.Log - Request sent successfully.
  Given I send a GET request to the configured endpoint # steps.BBCApiSteps.iSendAGetRequestTo()
09:19:22.649 INFO  utils.Log - Verifying status code: Expected = 200, Actual = 200
09:19:22.652 INFO  utils.Log - Status code verification passed.
  Then the response code should be 200                  # steps.BBCApiSteps.theResponseCodeShouldBe(int)
09:19:22.655 INFO  utils.Log - Actual response time: 1874 ms
09:19:23.160 INFO  utils.Log - Actual response time: 1874 ms
09:19:23.669 INFO  utils.Log - Actual response time: 1874 ms
  And response time should be below 1000 milliseconds   # steps.BBCApiSteps.responseTimeShouldBeBelowMilliseconds(int)
      java.lang.AssertionError: Response time exceeded limit: 1874 ms
	at org.junit.Assert.fail(Assert.java:89)
	at org.junit.Assert.assertTrue(Assert.java:42)
	at helperutil.BBCApiHelper.validateResponseTime(BBCApiHelper.java:46)
	at steps.BBCApiSteps.lambda$responseTimeShouldBeBelowMilliseconds$1(BBCApiSteps.java:40)
	at helperutil.BBCApiHelper.retry(BBCApiHelper.java:58)
	at steps.BBCApiSteps.responseTimeShouldBeBelowMilliseconds(BBCApiSteps.java:40)
	at ✽.response time should be below 1000 milliseconds(file:///C:/Users/pabhi/Music/takehometest-bbc-rms-api/src/test/resources/features/bbcApi.feature:6)

09:19:23.681 ERROR utils.Log - Scenario failed: Scenario 1 - Basic response validation - FAILED
]]></system-out>
  </testcase>
  <testcase name="Scenario 2 - ID and Episode type validation" classname="API Tests for RMS" time="1.233">
    <system-out><![CDATA[
Scenario: Scenario 2 - ID and Episode type validation                 # src/test/resources/features/bbcApi.feature:8
09:19:23.726 INFO  utils.Log - Starting Scenario: Scenario 2 - ID and Episode type validation
09:19:23.726 INFO  utils.Log - Sending GET request to: https://testapi.io/api/RMSTest/ibltest
09:19:23.726 INFO  utils.Log - Sending GET request to endpoint: https://testapi.io/api/RMSTest/ibltest
09:19:24.537 INFO  utils.Log - Request sent successfully.
  Given I send a GET request to the configured endpoint               # steps.BBCApiSteps.iSendAGetRequestTo()
09:19:24.962 INFO  utils.Log - Validating elements count = 5 and individual fields
09:19:24.965 INFO  utils.Log - Elements validated successfully.
  Then all elements should have non-empty id and episode type episode # steps.BBCApiSteps.allElementsShouldHaveNonEmptyIdAndEpisodeTypeEpisode()
09:19:24.965 INFO  utils.Log - Scenario passed: Scenario 2 - ID and Episode type validation - PASSED
]]></system-out>
  </testcase>
  <testcase name="Scenario 3 - Title field validation for Episode" classname="API Tests for RMS" time="1.636">
    <system-out><![CDATA[
Scenario: Scenario 3 - Title field validation for Episode  # src/test/resources/features/bbcApi.feature:12
09:19:24.970 INFO  utils.Log - Starting Scenario: Scenario 3 - Title field validation for Episode
09:19:24.972 INFO  utils.Log - Sending GET request to: https://testapi.io/api/RMSTest/ibltest
09:19:24.972 INFO  utils.Log - Sending GET request to endpoint: https://testapi.io/api/RMSTest/ibltest
09:19:26.582 INFO  utils.Log - Request sent successfully.
  Given I send a GET request to the configured endpoint    # steps.BBCApiSteps.iSendAGetRequestTo()
09:19:26.592 INFO  utils.Log - Episode titles validated successfully.
  Then all episode titles should be non-null and non-empty # steps.BBCApiSteps.allEpisodeTitlesShouldBeNonNullAndNonEmpty()
09:19:26.604 INFO  utils.Log - Scenario passed: Scenario 3 - Title field validation for Episode - PASSED
]]></system-out>
  </testcase>
  <testcase name="Scenario 4 - Only one episode is live validation" classname="API Tests for RMS" time="1.232">
    <system-out><![CDATA[
Scenario: Scenario 4 - Only one episode is live validation # src/test/resources/features/bbcApi.feature:16
09:19:26.611 INFO  utils.Log - Starting Scenario: Scenario 4 - Only one episode is live validation
09:19:26.611 INFO  utils.Log - Sending GET request to: https://testapi.io/api/RMSTest/ibltest
09:19:26.611 INFO  utils.Log - Sending GET request to endpoint: https://testapi.io/api/RMSTest/ibltest
09:19:27.809 INFO  utils.Log - Request sent successfully.
  Given I send a GET request to the configured endpoint    # steps.BBCApiSteps.iSendAGetRequestTo()
09:19:27.832 INFO  utils.Log - Only one episode is marked live.
  Then only one episode should be live                     # steps.BBCApiSteps.onlyOneEpisodeShouldBeLive()
09:19:27.835 INFO  utils.Log - Scenario passed: Scenario 4 - Only one episode is live validation - PASSED
]]></system-out>
  </testcase>
  <testcase name="Scenario 5 - Transmission date validation" classname="API Tests for RMS" time="1.222">
    <system-out><![CDATA[
Scenario: Scenario 5 - Transmission date validation         # src/test/resources/features/bbcApi.feature:20
09:19:27.843 INFO  utils.Log - Starting Scenario: Scenario 5 - Transmission date validation
09:19:27.843 INFO  utils.Log - Sending GET request to: https://testapi.io/api/RMSTest/ibltest
09:19:27.845 INFO  utils.Log - Sending GET request to endpoint: https://testapi.io/api/RMSTest/ibltest
09:19:29.038 INFO  utils.Log - Request sent successfully.
  Given I send a GET request to the configured endpoint     # steps.BBCApiSteps.iSendAGetRequestTo()
09:19:29.054 INFO  utils.Log - Transmission dates validated successfully.
  Then transmission start should be before transmission end # steps.BBCApiSteps.transmissionStartShouldBeBeforeTransmissionEnd()
09:19:29.054 INFO  utils.Log - Scenario passed: Scenario 5 - Transmission date validation - PASSED
]]></system-out>
  </testcase>
  <testcase name="Scenario 6 - Response header check Date Validation" classname="API Tests for RMS" time="1.213">
    <system-out><![CDATA[
Scenario: Scenario 6 - Response header check Date Validation # src/test/resources/features/bbcApi.feature:24
09:19:29.063 INFO  utils.Log - Starting Scenario: Scenario 6 - Response header check Date Validation
09:19:29.063 INFO  utils.Log - Sending GET request to: https://testapi.io/api/RMSTest/ibltest
09:19:29.063 INFO  utils.Log - Sending GET request to endpoint: https://testapi.io/api/RMSTest/ibltest
09:19:30.265 INFO  utils.Log - Request sent successfully.
  Given I send a GET request to the configured endpoint      # steps.BBCApiSteps.iSendAGetRequestTo()
09:19:30.267 INFO  utils.Log - 'Date' header is present: Wed, 13 Aug 2025 08:19:30 GMT
  Then response header should contain Date                   # steps.BBCApiSteps.responseHeaderShouldContainDate()
09:19:30.269 INFO  utils.Log - Scenario passed: Scenario 6 - Response header check Date Validation - PASSED
]]></system-out>
  </testcase>
  <testcase name="Scenario 7 - 404 on invalid date - Validation of error fields on invalid path" classname="API Tests for RMS" time="1.689">
    <system-out><![CDATA[
Scenario: Scenario 7 - 404 on invalid date - Validation of error fields on invalid path # src/test/resources/features/bbcApi.feature:28
09:19:30.278 INFO  utils.Log - Starting Scenario: Scenario 7 - 404 on invalid date - Validation of error fields on invalid path
09:19:30.278 INFO  utils.Log - Sending GET request to invalid path: /ibltest/2023-09-11
09:19:30.278 INFO  utils.Log - Sending GET request to endpoint: https://testapi.io/api/RMSTest/ibltest/2023-09-11
09:19:31.953 INFO  utils.Log - Request sent successfully.
  Given I send a GET request to the invalid path                                        # steps.BBCApiSteps.i_send_get_request_to_invalid_path()
09:19:31.956 INFO  utils.Log - Verifying status code: Expected = 404, Actual = 404
09:19:31.956 INFO  utils.Log - Status code verification passed.
  Then the response code should be 404                                                  # steps.BBCApiSteps.theResponseCodeShouldBe(int)
09:19:31.958 INFO  utils.Log - Response contains expected key: details
  And the response should contain "details"                                             # steps.BBCApiSteps.theResponseShouldContain(java.lang.String)
09:19:31.958 INFO  utils.Log - Response contains expected key: http_response_code
  And the response should contain "http_response_code"                                  # steps.BBCApiSteps.theResponseShouldContain(java.lang.String)
09:19:31.958 INFO  utils.Log - Scenario passed: Scenario 7 - 404 on invalid date - Validation of error fields on invalid path - PASSED
]]></system-out>
  </testcase>
</testsuite>